\BOOKMARK [0][-]{section*.1}{Contents}{}
\BOOKMARK [-1][-]{part.1}{Theory}{}
\BOOKMARK [0][-]{chapter.1}{Introduction}{part.1}
\BOOKMARK [1][-]{section.1.1}{Background}{chapter.1}
\BOOKMARK [1][-]{section.1.2}{Problem}{chapter.1}
\BOOKMARK [0][-]{chapter.2}{Requirement}{part.1}
\BOOKMARK [0][-]{chapter.3}{Study}{part.1}
\BOOKMARK [0][-]{chapter.4}{Solution}{part.1}
\BOOKMARK [-1][-]{part.2}{Implementation}{}
\BOOKMARK [0][-]{chapter.5}{Web Call Architecture}{part.2}
\BOOKMARK [0][-]{chapter.6}{SIP Call Component}{part.2}
\BOOKMARK [0][-]{chapter.7}{Web Application}{part.2}
\BOOKMARK [0][-]{chapter.8}{Web Service Interface}{part.2}
\BOOKMARK [0][-]{chapter.9}{Web Service Client}{part.2}
\BOOKMARK [0][-]{chapter.10}{Conclusion}{part.2}
\BOOKMARK [0][-]{section*.4}{Bibliography}{part.2}
\BOOKMARK [0][-]{appendix.A}{Appendix title}{part.2}
\BOOKMARK [0][-]{appendix*.5}{List of Symbols and Abbreviations}{part.2}
\BOOKMARK [0][-]{section*.6}{List of Figures}{part.2}
\BOOKMARK [0][-]{section*.7}{List of Tables}{part.2}
